<?xml version="1.0" encoding="UTF-8"?>
<testng-results ignored="0" total="1" passed="1" failed="0" skipped="0">
  <reporter-output>
  </reporter-output>
  <suite started-at="2024-12-15T18:12:47 BDT" name="Default suite" finished-at="2024-12-15T18:13:28 BDT" duration-ms="41351">
    <groups>
    </groups>
    <test started-at="2024-12-15T18:12:47 BDT" name="Default test" finished-at="2024-12-15T18:13:28 BDT" duration-ms="41351">
      <class name="android_test.AndroidTestingClass">
        <test-method is-config="true" signature="setUp()[pri:0, instance:android_test.AndroidTestingClass@1e1a0406]" started-at="2024-12-15T18:12:47 BDT" name="setUp" finished-at="2024-12-15T18:12:55 BDT" duration-ms="8312" status="PASS">
          <reporter-output>
          </reporter-output>
        </test-method> <!-- setUp -->
        <test-method is-config="true" signature="setUp()[pri:0, instance:android_test.AndroidTestingClass@1e1a0406]" started-at="2024-12-15T18:12:55 BDT" name="setUp" finished-at="2024-12-15T18:13:03 BDT" duration-ms="8278" status="PASS">
          <reporter-output>
          </reporter-output>
        </test-method> <!-- setUp -->
        <test-method signature="sampleTest()[pri:0, instance:android_test.AndroidTestingClass@1e1a0406]" started-at="2024-12-15T18:13:03 BDT" name="sampleTest" finished-at="2024-12-15T18:13:28 BDT" duration-ms="24110" status="PASS">
          <reporter-output>
          </reporter-output>
        </test-method> <!-- sampleTest -->
        <test-method is-config="true" signature="tearDown()[pri:0, instance:android_test.AndroidTestingClass@1e1a0406]" started-at="2024-12-15T18:13:28 BDT" name="tearDown" finished-at="2024-12-15T18:13:28 BDT" duration-ms="565" status="PASS">
          <reporter-output>
          </reporter-output>
        </test-method> <!-- tearDown -->
        <test-method is-config="true" signature="tearDown()[pri:0, instance:android_test.AndroidTestingClass@1e1a0406]" started-at="2024-12-15T18:13:28 BDT" name="tearDown" finished-at="2024-12-15T18:13:28 BDT" duration-ms="0" status="PASS">
          <reporter-output>
          </reporter-output>
        </test-method> <!-- tearDown -->
      </class> <!-- android_test.AndroidTestingClass -->
    </test> <!-- Default test -->
  </suite> <!-- Default suite -->
</testng-results>
